<?xml version="1.0" encoding="UTF-8"?>
<!-- Generated by org.testng.reporters.JUnitXMLReporter -->
<testsuite hostname="LAPTOP-NQB66EQE" ignored="2" name="Surefire test" tests="3" failures="1" timestamp="08 May 2018 11:42:42 GMT" time="19.87" errors="0">
  <testcase name="openGooglePageTest" time="3.814" classname="myTest.GoogleTest">
    <failure type="java.lang.AssertionError" message="expected [Кокос - Пошук Google] but found [https://www.google.com.ua/search?source=hp&amp;amp;ei=H43xWr2VCILzsAGLhpzwDQ&amp;amp;q=%D0%9A%D0%BE%D0%BA%D0%BE%D1%81&amp;amp;oq=&amp;amp;gs_l=]">
      <![CDATA[java.lang.AssertionError: expected [Кокос - Пошук Google] but found [https://www.google.com.ua/search?source=hp&ei=H43xWr2VCILzsAGLhpzwDQ&q=%D0%9A%D0%BE%D0%BA%D0%BE%D1%81&oq=&gs_l=]
at pages.LoginPages.goToGoogle_aroundBody0(LoginPages.java:24)
at pages.LoginPages$AjcClosure1.run(LoginPages.java:1)
at io.qameta.allure.aspects.StepsAspects.step(StepsAspects.java:46)
at pages.LoginPages.goToGoogle(LoginPages.java:21)
at myTest.GoogleTest.openGooglePageTest(GoogleTest.java:22)
... Removed 36 stack frames]]>
    </failure>
  </testcase> <!-- openGooglePageTest -->
  <testcase name="openWikiPageTest" time="5.757" classname="myTest.GoogleTest"/>
  <testcase name="openWikiPageTest2" time="5.529" classname="myTest.GoogleTest"/>
  <testcase name="@AfterTest closeDriverTest" time="0.0" classname="myTest.BaseTest">
    <ignored/>
  </testcase> <!-- @AfterTest closeDriverTest -->
  <testcase name="@BeforeTest beforeTest" time="0.0" classname="myTest.BaseTest">
    <ignored/>
  </testcase> <!-- @BeforeTest beforeTest -->
</testsuite> <!-- Surefire test -->
