{"uuid":"93e8c05f-58b6-4df8-9b03-ff7b76646aba","historyId":"aebb07bdf02c0ec304fa39a11fb83a6d","fullName":"myTest.GoogleTest.openGooglePageTest","labels":[{"name":"package","value":"myTest.GoogleTest"},{"name":"testClass","value":"myTest.GoogleTest"},{"name":"testMethod","value":"openGooglePageTest"},{"name":"parentSuite","value":"All test"},{"name":"suite","value":"Google Tests"},{"name":"subSuite","value":"myTest.GoogleTest"},{"name":"host","value":"LAPTOP-NQB66EQE"},{"name":"thread","value":"13964@LAPTOP-NQB66EQE.main(1)"},{"name":"epic","value":"Regression Tests"},{"name":"feature","value":"Login Tests"},{"name":"severity","value":"blocker"}],"links":[],"name":"openGooglePageTest","status":"failed","statusDetails":{"known":false,"muted":false,"flaky":false,"message":"expected [Кокос - Пошук Google2] but found [https://www.google.com.ua/search?source=hp&ei=XYnxWq_DLYeysQHY5qiYDw&q=%D0%9A%D0%BE%D0%BA%D0%BE%D1%81&oq=&gs_l=]","trace":"java.lang.AssertionError: expected [Кокос - Пошук Google2] but found [https://www.google.com.ua/search?source=hp&ei=XYnxWq_DLYeysQHY5qiYDw&q=%D0%9A%D0%BE%D0%BA%D0%BE%D1%81&oq=&gs_l=]\r\n\tat org.testng.Assert.fail(Assert.java:96)\r\n\tat org.testng.Assert.failNotEquals(Assert.java:776)\r\n\tat org.testng.Assert.assertEqualsImpl(Assert.java:137)\r\n\tat org.testng.Assert.assertEquals(Assert.java:118)\r\n\tat org.testng.Assert.assertEquals(Assert.java:453)\r\n\tat org.testng.Assert.assertEquals(Assert.java:463)\r\n\tat pages.LoginPages.goToGoogle_aroundBody0(LoginPages.java:24)\r\n\tat pages.LoginPages$AjcClosure1.run(LoginPages.java:1)\r\n\tat org.aspectj.runtime.reflect.JoinPointImpl.proceed(JoinPointImpl.java:149)\r\n\tat io.qameta.allure.aspects.StepsAspects.step(StepsAspects.java:46)\r\n\tat pages.LoginPages.goToGoogle(LoginPages.java:21)\r\n\tat myTest.GoogleTest.openGooglePageTest(GoogleTest.java:22)\r\n\tat sun.reflect.NativeMethodAccessorImpl.invoke0(Native Method)\r\n\tat sun.reflect.NativeMethodAccessorImpl.invoke(NativeMethodAccessorImpl.java:62)\r\n\tat sun.reflect.DelegatingMethodAccessorImpl.invoke(DelegatingMethodAccessorImpl.java:43)\r\n\tat java.lang.reflect.Method.invoke(Method.java:498)\r\n\tat org.testng.internal.MethodInvocationHelper.invokeMethod(MethodInvocationHelper.java:124)\r\n\tat org.testng.internal.Invoker.invokeMethod(Invoker.java:583)\r\n\tat org.testng.internal.Invoker.invokeTestMethod(Invoker.java:719)\r\n\tat org.testng.internal.Invoker.invokeTestMethods(Invoker.java:989)\r\n\tat org.testng.internal.TestMethodWorker.invokeTestMethods(TestMethodWorker.java:125)\r\n\tat org.testng.internal.TestMethodWorker.run(TestMethodWorker.java:109)\r\n\tat org.testng.TestRunner.privateRun(TestRunner.java:648)\r\n\tat org.testng.TestRunner.run(TestRunner.java:505)\r\n\tat org.testng.SuiteRunner.runTest(SuiteRunner.java:455)\r\n\tat org.testng.SuiteRunner.runSequentially(SuiteRunner.java:450)\r\n\tat org.testng.SuiteRunner.privateRun(SuiteRunner.java:415)\r\n\tat org.testng.SuiteRunner.run(SuiteRunner.java:364)\r\n\tat org.testng.SuiteRunnerWorker.runSuite(SuiteRunnerWorker.java:52)\r\n\tat org.testng.SuiteRunnerWorker.run(SuiteRunnerWorker.java:84)\r\n\tat org.testng.TestNG.runSuitesSequentially(TestNG.java:1208)\r\n\tat org.testng.TestNG.runSuitesLocally(TestNG.java:1137)\r\n\tat org.testng.TestNG.runSuites(TestNG.java:1049)\r\n\tat org.testng.TestNG.run(TestNG.java:1017)\r\n\tat org.testng.IDEARemoteTestNG.run(IDEARemoteTestNG.java:72)\r\n\tat org.testng.RemoteTestNGStarter.main(RemoteTestNGStarter.java:123)\r\n"},"stage":"finished","description":"Test openGooglePageTest","start":1525778781011,"stop":1525778792745,"steps":[{"name":"goToGoogle","status":"failed","statusDetails":{"known":false,"muted":false,"flaky":false,"message":"expected [Кокос - Пошук Google2] but found [https://www.google.com.ua/search?source=hp&ei=XYnxWq_DLYeysQHY5qiYDw&q=%D0%9A%D0%BE%D0%BA%D0%BE%D1%81&oq=&gs_l=]","trace":"java.lang.AssertionError: expected [Кокос - Пошук Google2] but found [https://www.google.com.ua/search?source=hp&ei=XYnxWq_DLYeysQHY5qiYDw&q=%D0%9A%D0%BE%D0%BA%D0%BE%D1%81&oq=&gs_l=]\r\n\tat org.testng.Assert.fail(Assert.java:96)\r\n\tat org.testng.Assert.failNotEquals(Assert.java:776)\r\n\tat org.testng.Assert.assertEqualsImpl(Assert.java:137)\r\n\tat org.testng.Assert.assertEquals(Assert.java:118)\r\n\tat org.testng.Assert.assertEquals(Assert.java:453)\r\n\tat org.testng.Assert.assertEquals(Assert.java:463)\r\n\tat pages.LoginPages.goToGoogle_aroundBody0(LoginPages.java:24)\r\n\tat pages.LoginPages$AjcClosure1.run(LoginPages.java:1)\r\n\tat org.aspectj.runtime.reflect.JoinPointImpl.proceed(JoinPointImpl.java:149)\r\n\tat io.qameta.allure.aspects.StepsAspects.step(StepsAspects.java:46)\r\n\tat pages.LoginPages.goToGoogle(LoginPages.java:21)\r\n\tat myTest.GoogleTest.openGooglePageTest(GoogleTest.java:22)\r\n\tat sun.reflect.NativeMethodAccessorImpl.invoke0(Native Method)\r\n\tat sun.reflect.NativeMethodAccessorImpl.invoke(NativeMethodAccessorImpl.java:62)\r\n\tat sun.reflect.DelegatingMethodAccessorImpl.invoke(DelegatingMethodAccessorImpl.java:43)\r\n\tat java.lang.reflect.Method.invoke(Method.java:498)\r\n\tat org.testng.internal.MethodInvocationHelper.invokeMethod(MethodInvocationHelper.java:124)\r\n\tat org.testng.internal.Invoker.invokeMethod(Invoker.java:583)\r\n\tat org.testng.internal.Invoker.invokeTestMethod(Invoker.java:719)\r\n\tat org.testng.internal.Invoker.invokeTestMethods(Invoker.java:989)\r\n\tat org.testng.internal.TestMethodWorker.invokeTestMethods(TestMethodWorker.java:125)\r\n\tat org.testng.internal.TestMethodWorker.run(TestMethodWorker.java:109)\r\n\tat org.testng.TestRunner.privateRun(TestRunner.java:648)\r\n\tat org.testng.TestRunner.run(TestRunner.java:505)\r\n\tat org.testng.SuiteRunner.runTest(SuiteRunner.java:455)\r\n\tat org.testng.SuiteRunner.runSequentially(SuiteRunner.java:450)\r\n\tat org.testng.SuiteRunner.privateRun(SuiteRunner.java:415)\r\n\tat org.testng.SuiteRunner.run(SuiteRunner.java:364)\r\n\tat org.testng.SuiteRunnerWorker.runSuite(SuiteRunnerWorker.java:52)\r\n\tat org.testng.SuiteRunnerWorker.run(SuiteRunnerWorker.java:84)\r\n\tat org.testng.TestNG.runSuitesSequentially(TestNG.java:1208)\r\n\tat org.testng.TestNG.runSuitesLocally(TestNG.java:1137)\r\n\tat org.testng.TestNG.runSuites(TestNG.java:1049)\r\n\tat org.testng.TestNG.run(TestNG.java:1017)\r\n\tat org.testng.IDEARemoteTestNG.run(IDEARemoteTestNG.java:72)\r\n\tat org.testng.RemoteTestNGStarter.main(RemoteTestNGStarter.java:123)\r\n"},"stage":"finished","start":1525778781124,"stop":1525778792401}],"attachments":[{"name":"Page screenshot","source":"a98b5d83-af4b-44d3-a038-5130f896ecbc-attachment","type":"image/png"}],"parameters":[]}