<?xml version="1.0" encoding="UTF-8"?>
<testng-results skipped="0" failed="1" ignored="2" total="5" passed="2">
  <reporter-output>
  </reporter-output>
  <suite name="Surefire suite" duration-ms="19870" started-at="2018-05-08T11:42:22Z" finished-at="2018-05-08T11:42:42Z">
    <groups>
    </groups>
    <test name="Surefire test" duration-ms="19870" started-at="2018-05-08T11:42:22Z" finished-at="2018-05-08T11:42:42Z">
      <class name="myTest.BaseTest">
        <test-method status="PASS" signature="beforeTest()[pri:0, instance:myTest.BaseTest@119c745c]" name="beforeTest" is-config="true" duration-ms="53" started-at="2018-05-08T11:42:22Z" finished-at="2018-05-08T11:42:22Z">
          <reporter-output>
          </reporter-output>
        </test-method> <!-- beforeTest -->
        <test-method status="PASS" signature="closeDriverTest()[pri:0, instance:myTest.BaseTest@119c745c]" name="closeDriverTest" is-config="true" duration-ms="0" started-at="2018-05-08T11:42:42Z" finished-at="2018-05-08T11:42:42Z">
          <reporter-output>
          </reporter-output>
        </test-method> <!-- closeDriverTest -->
      </class> <!-- myTest.BaseTest -->
      <class name="myTest.GoogleTest">
        <test-method status="PASS" signature="beforeMethod()[pri:0, instance:myTest.GoogleTest@a7ad6e5]" name="beforeMethod" is-config="true" duration-ms="1" started-at="2018-05-08T11:42:22Z" finished-at="2018-05-08T11:42:22Z">
          <reporter-output>
          </reporter-output>
        </test-method> <!-- beforeMethod -->
        <test-method status="FAIL" signature="openGooglePageTest()[pri:0, instance:myTest.GoogleTest@a7ad6e5]" name="openGooglePageTest" duration-ms="3814" started-at="2018-05-08T11:42:22Z" finished-at="2018-05-08T11:42:26Z">
          <exception class="java.lang.AssertionError">
            <message>
              <![CDATA[expected [Кокос - Пошук Google] but found [https://www.google.com.ua/search?source=hp&ei=H43xWr2VCILzsAGLhpzwDQ&q=%D0%9A%D0%BE%D0%BA%D0%BE%D1%81&oq=&gs_l=]]]>
            </message>
            <full-stacktrace>
              <![CDATA[java.lang.AssertionError: expected [Кокос - Пошук Google] but found [https://www.google.com.ua/search?source=hp&ei=H43xWr2VCILzsAGLhpzwDQ&q=%D0%9A%D0%BE%D0%BA%D0%BE%D1%81&oq=&gs_l=]
at org.testng.Assert.fail(Assert.java:96)
at org.testng.Assert.failNotEquals(Assert.java:776)
at org.testng.Assert.assertEqualsImpl(Assert.java:137)
at org.testng.Assert.assertEquals(Assert.java:118)
at org.testng.Assert.assertEquals(Assert.java:453)
at org.testng.Assert.assertEquals(Assert.java:463)
at pages.LoginPages.goToGoogle_aroundBody0(LoginPages.java:24)
at pages.LoginPages$AjcClosure1.run(LoginPages.java:1)
at org.aspectj.runtime.reflect.JoinPointImpl.proceed(JoinPointImpl.java:149)
at io.qameta.allure.aspects.StepsAspects.step(StepsAspects.java:46)
at pages.LoginPages.goToGoogle(LoginPages.java:21)
at myTest.GoogleTest.openGooglePageTest(GoogleTest.java:22)
at sun.reflect.NativeMethodAccessorImpl.invoke0(Native Method)
at sun.reflect.NativeMethodAccessorImpl.invoke(NativeMethodAccessorImpl.java:62)
at sun.reflect.DelegatingMethodAccessorImpl.invoke(DelegatingMethodAccessorImpl.java:43)
at java.lang.reflect.Method.invoke(Method.java:498)
at org.testng.internal.MethodInvocationHelper.invokeMethod(MethodInvocationHelper.java:124)
at org.testng.internal.Invoker.invokeMethod(Invoker.java:583)
at org.testng.internal.Invoker.invokeTestMethod(Invoker.java:719)
at org.testng.internal.Invoker.invokeTestMethods(Invoker.java:989)
at org.testng.internal.TestMethodWorker.invokeTestMethods(TestMethodWorker.java:125)
at org.testng.internal.TestMethodWorker.run(TestMethodWorker.java:109)
at org.testng.TestRunner.privateRun(TestRunner.java:648)
at org.testng.TestRunner.run(TestRunner.java:505)
at org.testng.SuiteRunner.runTest(SuiteRunner.java:455)
at org.testng.SuiteRunner.runSequentially(SuiteRunner.java:450)
at org.testng.SuiteRunner.privateRun(SuiteRunner.java:415)
at org.testng.SuiteRunner.run(SuiteRunner.java:364)
at org.testng.SuiteRunnerWorker.runSuite(SuiteRunnerWorker.java:52)
at org.testng.SuiteRunnerWorker.run(SuiteRunnerWorker.java:84)
at org.testng.TestNG.runSuitesSequentially(TestNG.java:1208)
at org.testng.TestNG.runSuitesLocally(TestNG.java:1137)
at org.testng.TestNG.runSuites(TestNG.java:1049)
at org.testng.TestNG.run(TestNG.java:1017)
at org.apache.maven.surefire.testng.TestNGExecutor.run(TestNGExecutor.java:135)
at org.apache.maven.surefire.testng.TestNGDirectoryTestSuite.executeMulti(TestNGDirectoryTestSuite.java:193)
at org.apache.maven.surefire.testng.TestNGDirectoryTestSuite.execute(TestNGDirectoryTestSuite.java:94)
at org.apache.maven.surefire.testng.TestNGProvider.invoke(TestNGProvider.java:146)
at org.apache.maven.surefire.booter.ForkedBooter.invokeProviderInSameClassLoader(ForkedBooter.java:386)
at org.apache.maven.surefire.booter.ForkedBooter.runSuitesInProcess(ForkedBooter.java:323)
at org.apache.maven.surefire.booter.ForkedBooter.main(ForkedBooter.java:143)
]]>
            </full-stacktrace>
          </exception> <!-- java.lang.AssertionError -->
          <reporter-output>
          </reporter-output>
        </test-method> <!-- openGooglePageTest -->
        <test-method status="PASS" signature="closeDriver()[pri:0, instance:myTest.GoogleTest@a7ad6e5]" name="closeDriver" is-config="true" duration-ms="978" started-at="2018-05-08T11:42:26Z" finished-at="2018-05-08T11:42:27Z">
          <reporter-output>
          </reporter-output>
        </test-method> <!-- closeDriver -->
        <test-method status="PASS" signature="beforeMethod()[pri:0, instance:myTest.GoogleTest@a7ad6e5]" name="beforeMethod" is-config="true" duration-ms="1" started-at="2018-05-08T11:42:27Z" finished-at="2018-05-08T11:42:27Z">
          <reporter-output>
          </reporter-output>
        </test-method> <!-- beforeMethod -->
        <test-method status="PASS" signature="openWikiPageTest()[pri:0, instance:myTest.GoogleTest@a7ad6e5]" name="openWikiPageTest" duration-ms="5757" started-at="2018-05-08T11:42:27Z" finished-at="2018-05-08T11:42:33Z">
          <reporter-output>
          </reporter-output>
        </test-method> <!-- openWikiPageTest -->
        <test-method status="PASS" signature="closeDriver()[pri:0, instance:myTest.GoogleTest@a7ad6e5]" name="closeDriver" is-config="true" duration-ms="882" started-at="2018-05-08T11:42:34Z" finished-at="2018-05-08T11:42:35Z">
          <reporter-output>
          </reporter-output>
        </test-method> <!-- closeDriver -->
        <test-method status="PASS" signature="beforeMethod()[pri:0, instance:myTest.GoogleTest@a7ad6e5]" name="beforeMethod" is-config="true" duration-ms="0" started-at="2018-05-08T11:42:35Z" finished-at="2018-05-08T11:42:35Z">
          <reporter-output>
          </reporter-output>
        </test-method> <!-- beforeMethod -->
        <test-method status="PASS" signature="openWikiPageTest2()[pri:0, instance:myTest.GoogleTest@a7ad6e5]" name="openWikiPageTest2" duration-ms="5529" started-at="2018-05-08T11:42:35Z" finished-at="2018-05-08T11:42:40Z">
          <reporter-output>
          </reporter-output>
        </test-method> <!-- openWikiPageTest2 -->
        <test-method status="PASS" signature="closeDriver()[pri:0, instance:myTest.GoogleTest@a7ad6e5]" name="closeDriver" is-config="true" duration-ms="828" started-at="2018-05-08T11:42:41Z" finished-at="2018-05-08T11:42:42Z">
          <reporter-output>
          </reporter-output>
        </test-method> <!-- closeDriver -->
        <test-method status="PASS" signature="tearDown()[pri:0, instance:myTest.GoogleTest@a7ad6e5]" name="tearDown" is-config="true" duration-ms="1" started-at="2018-05-08T11:42:42Z" finished-at="2018-05-08T11:42:42Z">
          <reporter-output>
          </reporter-output>
        </test-method> <!-- tearDown -->
      </class> <!-- myTest.GoogleTest -->
    </test> <!-- Surefire test -->
  </suite> <!-- Surefire suite -->
</testng-results>
